{"numFailedTestSuites":0,"numFailedTests":0,"numPassedTestSuites":2,"numPassedTests":28,"numPendingTestSuites":0,"numPendingTests":0,"numRuntimeErrorTestSuites":0,"numTodoTests":0,"numTotalTestSuites":2,"numTotalTests":28,"openHandles":[],"snapshot":{"added":0,"didUpdate":false,"failure":false,"filesAdded":0,"filesRemoved":0,"filesRemovedList":[],"filesUnmatched":0,"filesUpdated":0,"matched":0,"total":0,"unchecked":0,"uncheckedKeysByFile":[],"unmatched":0,"updated":0},"startTime":1787600354108,"success":true,"testResults":[{"assertionResults":[{"ancestorTitles":["QuoteRequestsService","DTO validation"],"duration":5,"failureDetails":[],"failureMessages":[],"fullName":"QuoteRequestsService DTO validation debe rechazar un email con formato inválido","invocations":1,"location":null,"numPassingAsserts":1,"retryReasons":[],"status":"passed","title":"debe rechazar un email con formato inválido"},{"ancestorTitles":["QuoteRequestsService","DTO validation"],"duration":1,"failureDetails":[],"failureMessages":[],"fullName":"QuoteRequestsService DTO validation debe rechazar un teléfono con formato inválido","invocations":1,"location":null,"numPassingAsserts":1,"retryReasons":[],"status":"passed","title":"debe rechazar un teléfono con formato inválido"},{"ancestorTitles":["QuoteRequestsService","DTO validation"],"duration":1,"failureDetails":[],"failureMessages":[],"fullName":"QuoteRequestsService DTO validation debe exigir el campo name cuando falta","invocations":1,"location":null,"numPassingAsserts":1,"retryReasons":[],"status":"passed","title":"debe exigir el campo name cuando falta"},{"ancestorTitles":["QuoteRequestsService","DTO validation"],"duration":0,"failureDetails":[],"failureMessages":[],"fullName":"QuoteRequestsService DTO validation debe exigir el campo email cuando falta","invocations":1,"location":null,"numPassingAsserts":1,"retryReasons":[],"status":"passed","title":"debe exigir el campo email cuando falta"},{"ancestorTitles":["QuoteRequestsService","DTO validation"],"duration":1,"failureDetails":[],"failureMessages":[],"fullName":"QuoteRequestsService DTO validation debe exigir el campo phone cuando falta","invocations":1,"location":null,"numPassingAsserts":1,"retryReasons":[],"status":"passed","title":"debe exigir el campo phone cuando falta"},{"ancestorTitles":["QuoteRequestsService","DTO validation"],"duration":1,"failureDetails":[],"failureMessages":[],"fullName":"QuoteRequestsService DTO validation debe exigir el campo message cuando falta","invocations":1,"location":null,"numPassingAsserts":1,"retryReasons":[],"status":"passed","title":"debe exigir el campo message cuando falta"},{"ancestorTitles":["QuoteRequestsService","DTO validation"],"duration":0,"failureDetails":[],"failureMessages":[],"fullName":"QuoteRequestsService DTO validation debe aceptar un dto sin serviceId","invocations":1,"location":null,"numPassingAsserts":1,"retryReasons":[],"status":"passed","title":"debe aceptar un dto sin serviceId"},{"ancestorTitles":["QuoteRequestsService","DTO validation"],"duration":1,"failureDetails":[],"failureMessages":[],"fullName":"QuoteRequestsService DTO validation debe rechazar cuando name excede la longitud máxima","invocations":1,"location":null,"numPassingAsserts":1,"retryReasons":[],"status":"passed","title":"debe rechazar cuando name excede la longitud máxima"},{"ancestorTitles":["QuoteRequestsService","DTO validation"],"duration":1,"failureDetails":[],"failureMessages":[],"fullName":"QuoteRequestsService DTO validation debe rechazar cuando email excede la longitud máxima","invocations":1,"location":null,"numPassingAsserts":1,"retryReasons":[],"status":"passed","title":"debe rechazar cuando email excede la longitud máxima"},{"ancestorTitles":["QuoteRequestsService","DTO validation"],"duration":1,"failureDetails":[],"failureMessages":[],"fullName":"QuoteRequestsService DTO validation debe rechazar cuando phone excede la longitud máxima","invocations":1,"location":null,"numPassingAsserts":1,"retryReasons":[],"status":"passed","title":"debe rechazar cuando phone excede la longitud máxima"},{"ancestorTitles":["QuoteRequestsService","DTO validation"],"duration":1,"failureDetails":[],"failureMessages":[],"fullName":"QuoteRequestsService DTO validation debe rechazar cuando message excede la longitud máxima","invocations":1,"location":null,"numPassingAsserts":1,"retryReasons":[],"status":"passed","title":"debe rechazar cuando message excede la longitud máxima"},{"ancestorTitles":["QuoteRequestsService","DTO validation"],"duration":0,"failureDetails":[],"failureMessages":[],"fullName":"QuoteRequestsService DTO validation debe rechazar un serviceId con UUID inválido cuando se envía","invocations":1,"location":null,"numPassingAsserts":1,"retryReasons":[],"status":"passed","title":"debe rechazar un serviceId con UUID inválido cuando se envía"},{"ancestorTitles":["QuoteRequestsService","create"],"duration":1,"failureDetails":[],"failureMessages":[],"fullName":"QuoteRequestsService create debe crear la solicitud asociando el servicio y persistirla","invocations":1,"location":null,"numPassingAsserts":4,"retryReasons":[],"status":"passed","title":"debe crear la solicitud asociando el servicio y persistirla"},{"ancestorTitles":["QuoteRequestsService","create"],"duration":0,"failureDetails":[],"failureMessages":[],"fullName":"QuoteRequestsService create debe crear la solicitud sin serviceId y con materials cuando se envía","invocations":1,"location":null,"numPassingAsserts":3,"retryReasons":[],"status":"passed","title":"debe crear la solicitud sin serviceId y con materials cuando se envía"},{"ancestorTitles":["QuoteRequestsService","create"],"duration":1,"failureDetails":[],"failureMessages":[],"fullName":"QuoteRequestsService create debe crear la solicitud sin serviceId y sin materials cuando no se envía","invocations":1,"location":null,"numPassingAsserts":3,"retryReasons":[],"status":"passed","title":"debe crear la solicitud sin serviceId y sin materials cuando no se envía"},{"ancestorTitles":["QuoteRequestsService","create"],"duration":8,"failureDetails":[],"failureMessages":[],"fullName":"QuoteRequestsService create debe rechazar si el serviceId es válido pero no existe en la base","invocations":1,"location":null,"numPassingAsserts":4,"retryReasons":[],"status":"passed","title":"debe rechazar si el serviceId es válido pero no existe en la base"},{"ancestorTitles":["QuoteRequestsService","findAll"],"duration":1,"failureDetails":[],"failureMessages":[],"fullName":"QuoteRequestsService findAll debe retornar una lista paginada de solicitudes ordenadas por createdAt DESC","invocations":1,"location":null,"numPassingAsserts":7,"retryReasons":[],"status":"passed","title":"debe retornar una lista paginada de solicitudes ordenadas por createdAt DESC"},{"ancestorTitles":["QuoteRequestsService","findAll"],"duration":1,"failureDetails":[],"failureMessages":[],"fullName":"QuoteRequestsService findAll debe aplicar filtro por estado","invocations":1,"location":null,"numPassingAsserts":1,"retryReasons":[],"status":"passed","title":"debe aplicar filtro por estado"},{"ancestorTitles":["QuoteRequestsService","findAll"],"duration":0,"failureDetails":[],"failureMessages":[],"fullName":"QuoteRequestsService findAll debe retornar paginación vacía cuando no hay resultados","invocations":1,"location":null,"numPassingAsserts":1,"retryReasons":[],"status":"passed","title":"debe retornar paginación vacía cuando no hay resultados"}],"endTime":1787600358731,"message":"","name":"C:\\Users\\Junior\\Desktop\\backend-aislafriopro\\src\\quote-requests\\quote-requests.service.spec.ts","startTime":1787600354329,"status":"passed","summary":""},{"assertionResults":[{"ancestorTitles":["QuoteRequestsController (integration)"],"duration":191,"failureDetails":[],"failureMessages":[],"fullName":"QuoteRequestsController (integration) crea una solicitud válida con datos variados","invocations":1,"location":null,"numPassingAsserts":3,"retryReasons":[],"status":"passed","title":"crea una solicitud válida con datos variados"},{"ancestorTitles":["QuoteRequestsController (integration)"],"duration":9,"failureDetails":[],"failureMessages":[],"fullName":"QuoteRequestsController (integration) crea una solicitud válida con datos variados","invocations":1,"location":null,"numPassingAsserts":3,"retryReasons":[],"status":"passed","title":"crea una solicitud válida con datos variados"},{"ancestorTitles":["QuoteRequestsController (integration)"],"duration":7,"failureDetails":[],"failureMessages":[],"fullName":"QuoteRequestsController (integration) crea una solicitud válida con datos variados","invocations":1,"location":null,"numPassingAsserts":3,"retryReasons":[],"status":"passed","title":"crea una solicitud válida con datos variados"},{"ancestorTitles":["QuoteRequestsController (integration)"],"duration":6,"failureDetails":[],"failureMessages":[],"fullName":"QuoteRequestsController (integration) crea una solicitud válida sin serviceId","invocations":1,"location":null,"numPassingAsserts":3,"retryReasons":[],"status":"passed","title":"crea una solicitud válida sin serviceId"},{"ancestorTitles":["QuoteRequestsController (integration)"],"duration":9,"failureDetails":[],"failureMessages":[],"fullName":"QuoteRequestsController (integration) devuelve un 400 con formato estándar cuando falta un campo requerido","invocations":1,"location":null,"numPassingAsserts":3,"retryReasons":[],"status":"passed","title":"devuelve un 400 con formato estándar cuando falta un campo requerido"},{"ancestorTitles":["QuoteRequestsController (integration)"],"duration":6,"failureDetails":[],"failureMessages":[],"fullName":"QuoteRequestsController (integration) devuelve un 500 amigable si falla el guardado","invocations":1,"location":null,"numPassingAsserts":1,"retryReasons":[],"status":"passed","title":"devuelve un 500 amigable si falla el guardado"},{"ancestorTitles":["QuoteRequestsController (integration)","GET /api/v1/quote-requests"],"duration":7,"failureDetails":[],"failureMessages":[],"fullName":"QuoteRequestsController (integration) GET /api/v1/quote-requests debe retornar un listado paginado vacío por defecto","invocations":1,"location":null,"numPassingAsserts":1,"retryReasons":[],"status":"passed","title":"debe retornar un listado paginado vacío por defecto"},{"ancestorTitles":["QuoteRequestsController (integration)","GET /api/v1/quote-requests"],"duration":7,"failureDetails":[],"failureMessages":[],"fullName":"QuoteRequestsController (integration) GET /api/v1/quote-requests debe retornar solicitudes y reflejar el total","invocations":1,"location":null,"numPassingAsserts":2,"retryReasons":[],"status":"passed","title":"debe retornar solicitudes y reflejar el total"},{"ancestorTitles":["QuoteRequestsController (integration)","GET /api/v1/quote-requests"],"duration":7,"failureDetails":[],"failureMessages":[],"fullName":"QuoteRequestsController (integration) GET /api/v1/quote-requests debe aplicar el filtro por estado","invocations":1,"location":null,"numPassingAsserts":1,"retryReasons":[],"status":"passed","title":"debe aplicar el filtro por estado"}],"endTime":1787600359549,"message":"","name":"C:\\Users\\Junior\\Desktop\\backend-aislafriopro\\src\\quote-requests\\quote-requests.e2e.integration.spec.ts","startTime":1787600358736,"status":"passed","summary":""}],"wasInterrupted":false}
